# JRE version: OpenJDK Runtime Environment Temurin-21.0.10+7 (21.0.10+7) (build 21.0.10+7-LTS)
# Java VM: OpenJDK 64-Bit Server VM Temurin-21.0.10+7 (21.0.10+7-LTS, mixed mode, sharing, tiered, compressed oops, compressed class ptrs, parallel gc, windows-amd64)
GC Precious Log:
 CardTable entry size: 512
 CPUs: 12 total, 12 available
 Memory: 5989M
 Large Page Support: Disabled
 NUMA Support: Disabled
 Compressed Oops: Enabled (32-bit)
 Alignments: Space 512K, Generation 512K, Heap 2M
 Heap Min Capacity: 100M
 Heap Initial Capacity: 100M
 Heap Max Capacity: 2G
 Pre-touch: Disabled
 Parallel Workers: 10
Heap:
 PSYoungGen      total 2560K, used 1553K [0x00000000d5580000, 0x00000000d5900000, 0x0000000100000000)
  eden space 2048K, 54% used [0x00000000d5580000,0x00000000d56984a0,0x00000000d5780000)
  from space 512K, 84% used [0x00000000d5800000,0x00000000d586c010,0x00000000d5880000)
  to   space 512K, 0% used [0x00000000d5880000,0x00000000d5880000,0x00000000d5900000)
 ParOldGen       total 164352K, used 163882K [0x0000000080000000, 0x000000008a080000, 0x00000000d5580000)
  object space 164352K, 99% used [0x0000000080000000,0x000000008a00a858,0x000000008a080000)
 Metaspace       used 65804K, committed 67392K, reserved 1114112K
  class space    used 6735K, committed 7424K, reserved 1048576K
GC Heap History (20 events):
Event: 64.792 GC heap before
{Heap before GC invocations=305 (full 3):
 PSYoungGen      total 2560K, used 2432K [0x00000000d5580000, 0x00000000d5900000, 0x0000000100000000)
  eden space 2048K, 100% used [0x00000000d5580000,0x00000000d5780000,0x00000000d5780000)
  from space 512K, 75% used [0x00000000d5800000,0x00000000d5860020,0x00000000d5880000)
  to   space 512K, 0% used [0x00000000d5880000,0x00000000d5880000,0x00000000d5900000)
 ParOldGen       total 160768K, used 160712K [0x0000000080000000, 0x0000000089d00000, 0x00000000d5580000)
  object space 160768K, 99% used [0x0000000080000000,0x0000000089cf2038,0x0000000089d00000)
 Metaspace       used 65757K, committed 67328K, reserved 1114112K
  class space    used 6735K, committed 7424K, reserved 1048576K
}
Event: 64.798 GC heap after
{Heap after GC invocations=305 (full 3):
 PSYoungGen      total 2560K, used 512K [0x00000000d5580000, 0x00000000d5980000, 0x0000000100000000)
  eden space 2048K, 0% used [0x00000000d5580000,0x00000000d5580000,0x00000000d5780000)
  from space 512K, 100% used [0x00000000d5880000,0x00000000d5900000,0x00000000d5900000)
  to   space 1024K, 0% used [0x00000000d5780000,0x00000000d5780000,0x00000000d5880000)
 ParOldGen       total 161280K, used 160920K [0x0000000080000000, 0x0000000089d80000, 0x00000000d5580000)
  object space 161280K, 99% used [0x0000000080000000,0x0000000089d26058,0x0000000089d80000)
 Metaspace       used 65757K, committed 67328K, reserved 1114112K
  class space    used 6735K, committed 7424K, reserved 1048576K
}
Event: 64.811 GC heap before
{Heap before GC invocations=306 (full 3):
 PSYoungGen      total 2560K, used 2560K [0x00000000d5580000, 0x00000000d5980000, 0x0000000100000000)
  eden space 2048K, 100% used [0x00000000d5580000,0x00000000d5780000,0x00000000d5780000)
  from space 512K, 100% used [0x00000000d5880000,0x00000000d5900000,0x00000000d5900000)
  to   space 1024K, 0% used [0x00000000d5780000,0x00000000d5780000,0x00000000d5880000)
 ParOldGen       total 161280K, used 160920K [0x0000000080000000, 0x0000000089d80000, 0x00000000d5580000)
  object space 161280K, 99% used [0x0000000080000000,0x0000000089d26058,0x0000000089d80000)
 Metaspace       used 65759K, committed 67328K, reserved 1114112K
  class space    used 6735K, committed 7424K, reserved 1048576K
}
Event: 64.812 GC heap after
{Heap after GC invocations=306 (full 3):
 PSYoungGen      total 3072K, used 448K [0x00000000d5580000, 0x00000000d5900000, 0x0000000100000000)
  eden space 2048K, 0% used [0x00000000d5580000,0x00000000d5580000,0x00000000d5780000)
  from space 1024K, 43% used [0x00000000d5780000,0x00000000d57f0000,0x00000000d5880000)
  to   space 512K, 0% used [0x00000000d5880000,0x00000000d5880000,0x00000000d5900000)
 ParOldGen       total 161280K, used 161256K [0x0000000080000000, 0x0000000089d80000, 0x00000000d5580000)
  object space 161280K, 99% used [0x0000000080000000,0x0000000089d7a058,0x0000000089d80000)
 Metaspace       used 65759K, committed 67328K, reserved 1114112K
  class space    used 6735K, committed 7424K, reserved 1048576K
}
Event: 64.837 GC heap before
{Heap before GC invocations=307 (full 3):
 PSYoungGen      total 3072K, used 2496K [0x00000000d5580000, 0x00000000d5900000, 0x0000000100000000)
  eden space 2048K, 100% used [0x00000000d5580000,0x00000000d5780000,0x00000000d5780000)
  from space 1024K, 43% used [0x00000000d5780000,0x00000000d57f0000,0x00000000d5880000)
  to   space 512K, 0% used [0x00000000d5880000,0x00000000d5880000,0x00000000d5900000)
 ParOldGen       total 161280K, used 161256K [0x0000000080000000, 0x0000000089d80000, 0x00000000d5580000)
  object space 161280K, 99% used [0x0000000080000000,0x0000000089d7a058,0x0000000089d80000)
 Metaspace       used 65759K, committed 67328K, reserved 1114112K
  class space    used 6735K, committed 7424K, reserved 1048576K
}
Event: 64.839 GC heap after
{Heap after GC invocations=307 (full 3):
 PSYoungGen      total 2560K, used 432K [0x00000000d5580000, 0x00000000d5900000, 0x0000000100000000)
  eden space 2048K, 0% used [0x00000000d5580000,0x00000000d5580000,0x00000000d5780000)
  from space 512K, 84% used [0x00000000d5880000,0x00000000d58ec010,0x00000000d5900000)
  to   space 512K, 0% used [0x00000000d5800000,0x00000000d5800000,0x00000000d5880000)
 ParOldGen       total 161792K, used 161560K [0x0000000080000000, 0x0000000089e00000, 0x00000000d5580000)
  object space 161792K, 99% used [0x0000000080000000,0x0000000089dc6058,0x0000000089e00000)
 Metaspace       used 65759K, committed 67328K, reserved 1114112K
  class space    used 6735K, committed 7424K, reserved 1048576K
}
Event: 64.863 GC heap before
{Heap before GC invocations=308 (full 3):
 PSYoungGen      total 2560K, used 2480K [0x00000000d5580000, 0x00000000d5900000, 0x0000000100000000)
  eden space 2048K, 100% used [0x00000000d5580000,0x00000000d5780000,0x00000000d5780000)
  from space 512K, 84% used [0x00000000d5880000,0x00000000d58ec010,0x00000000d5900000)
  to   space 512K, 0% used [0x00000000d5800000,0x00000000d5800000,0x00000000d5880000)
 ParOldGen       total 161792K, used 161560K [0x0000000080000000, 0x0000000089e00000, 0x00000000d5580000)
  object space 161792K, 99% used [0x0000000080000000,0x0000000089dc6058,0x0000000089e00000)
 Metaspace       used 65780K, committed 67392K, reserved 1114112K
  class space    used 6735K, committed 7424K, reserved 1048576K
}
Event: 64.864 GC heap after
{Heap after GC invocations=308 (full 3):
 PSYoungGen      total 2560K, used 490K [0x00000000d5580000, 0x00000000d5980000, 0x0000000100000000)
  eden space 2048K, 0% used [0x00000000d5580000,0x00000000d5580000,0x00000000d5780000)
  from space 512K, 95% used [0x00000000d5800000,0x00000000d587a910,0x00000000d5880000)
  to   space 1024K, 0% used [0x00000000d5880000,0x00000000d5880000,0x00000000d5980000)
 ParOldGen       total 162304K, used 161904K [0x0000000080000000, 0x0000000089e80000, 0x00000000d5580000)
  object space 162304K, 99% used [0x0000000080000000,0x0000000089e1c078,0x0000000089e80000)
 Metaspace       used 65780K, committed 67392K, reserved 1114112K
  class space    used 6735K, committed 7424K, reserved 1048576K
}
Event: 64.881 GC heap before
{Heap before GC invocations=309 (full 3):
 PSYoungGen      total 2560K, used 2538K [0x00000000d5580000, 0x00000000d5980000, 0x0000000100000000)
  eden space 2048K, 100% used [0x00000000d5580000,0x00000000d5780000,0x00000000d5780000)
  from space 512K, 95% used [0x00000000d5800000,0x00000000d587a910,0x00000000d5880000)
  to   space 1024K, 0% used [0x00000000d5880000,0x00000000d5880000,0x00000000d5980000)
 ParOldGen       total 162304K, used 161904K [0x0000000080000000, 0x0000000089e80000, 0x00000000d5580000)
  object space 162304K, 99% used [0x0000000080000000,0x0000000089e1c078,0x0000000089e80000)
 Metaspace       used 65781K, committed 67392K, reserved 1114112K
  class space    used 6735K, committed 7424K, reserved 1048576K
}
Event: 64.883 GC heap after
{Heap after GC invocations=309 (full 3):
 PSYoungGen      total 3072K, used 413K [0x00000000d5580000, 0x00000000d5980000, 0x0000000100000000)
  eden space 2048K, 0% used [0x00000000d5580000,0x00000000d5580000,0x00000000d5780000)
  from space 1024K, 40% used [0x00000000d5880000,0x00000000d58e7408,0x00000000d5980000)
  to   space 1024K, 0% used [0x00000000d5780000,0x00000000d5780000,0x00000000d5880000)
 ParOldGen       total 162816K, used 162383K [0x0000000080000000, 0x0000000089f00000, 0x00000000d5580000)
  object space 162816K, 99% used [0x0000000080000000,0x0000000089e93e18,0x0000000089f00000)
 Metaspace       used 65781K, committed 67392K, reserved 1114112K
  class space    used 6735K, committed 7424K, reserved 1048576K
}
Event: 64.890 GC heap before
{Heap before GC invocations=310 (full 3):
 PSYoungGen      total 3072K, used 2461K [0x00000000d5580000, 0x00000000d5980000, 0x0000000100000000)
  eden space 2048K, 100% used [0x00000000d5580000,0x00000000d5780000,0x00000000d5780000)
  from space 1024K, 40% used [0x00000000d5880000,0x00000000d58e7408,0x00000000d5980000)
  to   space 1024K, 0% used [0x00000000d5780000,0x00000000d5780000,0x00000000d5880000)
 ParOldGen       total 162816K, used 162383K [0x0000000080000000, 0x0000000089f00000, 0x00000000d5580000)
  object space 162816K, 99% used [0x0000000080000000,0x0000000089e93e18,0x0000000089f00000)
 Metaspace       used 65781K, committed 67392K, reserved 1114112K
  class space    used 6735K, committed 7424K, reserved 1048576K
}
Event: 64.891 GC heap after
{Heap after GC invocations=310 (full 3):
 PSYoungGen      total 3072K, used 368K [0x00000000d5580000, 0x00000000d5900000, 0x0000000100000000)
  eden space 2048K, 0% used [0x00000000d5580000,0x00000000d5580000,0x00000000d5780000)
  from space 1024K, 35% used [0x00000000d5780000,0x00000000d57dc010,0x00000000d5880000)
  to   space 512K, 0% used [0x00000000d5880000,0x00000000d5880000,0x00000000d5900000)
 ParOldGen       total 162816K, used 162666K [0x0000000080000000, 0x0000000089f00000, 0x00000000d5580000)
  object space 162816K, 99% used [0x0000000080000000,0x0000000089edaa78,0x0000000089f00000)
 Metaspace       used 65781K, committed 67392K, reserved 1114112K
  class space    used 6735K, committed 7424K, reserved 1048576K
}
Event: 64.932 GC heap before
{Heap before GC invocations=311 (full 3):
 PSYoungGen      total 3072K, used 2398K [0x00000000d5580000, 0x00000000d5900000, 0x0000000100000000)
  eden space 2048K, 99% used [0x00000000d5580000,0x00000000d577ba50,0x00000000d5780000)
  from space 1024K, 35% used [0x00000000d5780000,0x00000000d57dc010,0x00000000d5880000)
  to   space 512K, 0% used [0x00000000d5880000,0x00000000d5880000,0x00000000d5900000)
 ParOldGen       total 162816K, used 162666K [0x0000000080000000, 0x0000000089f00000, 0x00000000d5580000)
  object space 162816K, 99% used [0x0000000080000000,0x0000000089edaa78,0x0000000089f00000)
 Metaspace       used 65781K, committed 67392K, reserved 1114112K
  class space    used 6735K, committed 7424K, reserved 1048576K
}
Event: 64.972 GC heap after
{Heap after GC invocations=311 (full 3):
 PSYoungGen      total 2560K, used 501K [0x00000000d5580000, 0x00000000d5a00000, 0x0000000100000000)
  eden space 2048K, 0% used [0x00000000d5580000,0x00000000d5580000,0x00000000d5780000)
  from space 512K, 97% used [0x00000000d5880000,0x00000000d58fd4b0,0x00000000d5900000)
  to   space 1024K, 0% used [0x00000000d5780000,0x00000000d5780000,0x00000000d5880000)
 ParOldGen       total 163328K, used 162898K [0x0000000080000000, 0x0000000089f80000, 0x00000000d5580000)
  object space 163328K, 99% used [0x0000000080000000,0x0000000089f14a98,0x0000000089f80000)
 Metaspace       used 65781K, committed 67392K, reserved 1114112K
  class space    used 6735K, committed 7424K, reserved 1048576K
}
Event: 64.992 GC heap before
{Heap before GC invocations=312 (full 3):
 PSYoungGen      total 2560K, used 2549K [0x00000000d5580000, 0x00000000d5a00000, 0x0000000100000000)
  eden space 2048K, 100% used [0x00000000d5580000,0x00000000d5780000,0x00000000d5780000)
  from space 512K, 97% used [0x00000000d5880000,0x00000000d58fd4b0,0x00000000d5900000)
  to   space 1024K, 0% used [0x00000000d5780000,0x00000000d5780000,0x00000000d5880000)
 ParOldGen       total 163328K, used 162898K [0x0000000080000000, 0x0000000089f80000, 0x00000000d5580000)
  object space 163328K, 99% used [0x0000000080000000,0x0000000089f14a98,0x0000000089f80000)
 Metaspace       used 65781K, committed 67392K, reserved 1114112K
  class space    used 6735K, committed 7424K, reserved 1048576K
}
Event: 64.994 GC heap after
{Heap after GC invocations=312 (full 3):
 PSYoungGen      total 3072K, used 394K [0x00000000d5580000, 0x00000000d5980000, 0x0000000100000000)
  eden space 2048K, 0% used [0x00000000d5580000,0x00000000d5580000,0x00000000d5780000)
  from space 1024K, 38% used [0x00000000d5780000,0x00000000d57e2910,0x00000000d5880000)
  to   space 1024K, 0% used [0x00000000d5880000,0x00000000d5880000,0x00000000d5980000)
 ParOldGen       total 163328K, used 163311K [0x0000000080000000, 0x0000000089f80000, 0x00000000d5580000)
  object space 163328K, 99% used [0x0000000080000000,0x0000000089f7bf48,0x0000000089f80000)
 Metaspace       used 65781K, committed 67392K, reserved 1114112K
  class space    used 6735K, committed 7424K, reserved 1048576K
}
Event: 65.007 GC heap before
{Heap before GC invocations=313 (full 3):
 PSYoungGen      total 3072K, used 2442K [0x00000000d5580000, 0x00000000d5980000, 0x0000000100000000)
  eden space 2048K, 100% used [0x00000000d5580000,0x00000000d5780000,0x00000000d5780000)
  from space 1024K, 38% used [0x00000000d5780000,0x00000000d57e2910,0x00000000d5880000)
  to   space 1024K, 0% used [0x00000000d5880000,0x00000000d5880000,0x00000000d5980000)
 ParOldGen       total 163328K, used 163311K [0x0000000080000000, 0x0000000089f80000, 0x00000000d5580000)
  object space 163328K, 99% used [0x0000000080000000,0x0000000089f7bf48,0x0000000089f80000)
 Metaspace       used 65781K, committed 67392K, reserved 1114112K
  class space    used 6735K, committed 7424K, reserved 1048576K
}
Event: 65.009 GC heap after
{Heap after GC invocations=313 (full 3):
 PSYoungGen      total 2560K, used 320K [0x00000000d5580000, 0x00000000d5900000, 0x0000000100000000)
  eden space 2048K, 0% used [0x00000000d5580000,0x00000000d5580000,0x00000000d5780000)
  from space 512K, 62% used [0x00000000d5880000,0x00000000d58d0000,0x00000000d5900000)
  to   space 512K, 0% used [0x00000000d5800000,0x00000000d5800000,0x00000000d5880000)
 ParOldGen       total 163840K, used 163706K [0x0000000080000000, 0x000000008a000000, 0x00000000d5580000)
  object space 163840K, 99% used [0x0000000080000000,0x0000000089fde858,0x000000008a000000)
 Metaspace       used 65781K, committed 67392K, reserved 1114112K
  class space    used 6735K, committed 7424K, reserved 1048576K
}
Event: 65.023 GC heap before
{Heap before GC invocations=314 (full 3):
 PSYoungGen      total 2560K, used 2368K [0x00000000d5580000, 0x00000000d5900000, 0x0000000100000000)
  eden space 2048K, 100% used [0x00000000d5580000,0x00000000d5780000,0x00000000d5780000)
  from space 512K, 62% used [0x00000000d5880000,0x00000000d58d0000,0x00000000d5900000)
  to   space 512K, 0% used [0x00000000d5800000,0x00000000d5800000,0x00000000d5880000)
 ParOldGen       total 163840K, used 163706K [0x0000000080000000, 0x000000008a000000, 0x00000000d5580000)
  object space 163840K, 99% used [0x0000000080000000,0x0000000089fde858,0x000000008a000000)
 Metaspace       used 65782K, committed 67392K, reserved 1114112K
  class space    used 6735K, committed 7424K, reserved 1048576K
}
Event: 65.025 GC heap after
{Heap after GC invocations=314 (full 3):
 PSYoungGen      total 2560K, used 432K [0x00000000d5580000, 0x00000000d5900000, 0x0000000100000000)
  eden space 2048K, 0% used [0x00000000d5580000,0x00000000d5580000,0x00000000d5780000)
  from space 512K, 84% used [0x00000000d5800000,0x00000000d586c010,0x00000000d5880000)
  to   space 512K, 0% used [0x00000000d5880000,0x00000000d5880000,0x00000000d5900000)
 ParOldGen       total 164352K, used 163882K [0x0000000080000000, 0x000000008a080000, 0x00000000d5580000)
  object space 164352K, 99% used [0x0000000080000000,0x000000008a00a858,0x000000008a080000)
 Metaspace       used 65782K, committed 67392K, reserved 1114112K
  class space    used 6735K, committed 7424K, reserved 1048576K
}

