# JRE version: OpenJDK Runtime Environment Temurin-21.0.10+7 (21.0.10+7) (build 21.0.10+7-LTS)
# Java VM: OpenJDK 64-Bit Server VM Temurin-21.0.10+7 (21.0.10+7-LTS, mixed mode, sharing, tiered, compressed oops, compressed class ptrs, parallel gc, windows-amd64)
GC Precious Log:
 CardTable entry size: 512
 CPUs: 12 total, 12 available
 Memory: 5989M
 Large Page Support: Disabled
 NUMA Support: Disabled
 Compressed Oops: Enabled (32-bit)
 Alignments: Space 512K, Generation 512K, Heap 2M
 Heap Min Capacity: 100M
 Heap Initial Capacity: 100M
 Heap Max Capacity: 2G
 Pre-touch: Disabled
 Parallel Workers: 10
Heap:
 PSYoungGen      total 14336K, used 11583K [0x00000000d5580000, 0x00000000d6680000, 0x0000000100000000)
  eden space 12288K, 78% used [0x00000000d5580000,0x00000000d5eefe38,0x00000000d6180000)
  from space 2048K, 93% used [0x00000000d6180000,0x00000000d6360000,0x00000000d6380000)
  to   space 2560K, 0% used [0x00000000d6400000,0x00000000d6400000,0x00000000d6680000)
 ParOldGen       total 1014272K, used 1013926K [0x0000000080000000, 0x00000000bde80000, 0x00000000d5580000)
  object space 1014272K, 99% used [0x0000000080000000,0x00000000bde29970,0x00000000bde80000)
 Metaspace       used 82968K, committed 84736K, reserved 1179648K
  class space    used 8297K, committed 9088K, reserved 1048576K
GC Heap History (20 events):
Event: 2427.888 GC heap before
{Heap before GC invocations=2702 (full 5):
 PSYoungGen      total 15360K, used 14992K [0x00000000d5580000, 0x00000000d6900000, 0x0000000100000000)
  eden space 10752K, 100% used [0x00000000d5580000,0x00000000d6000000,0x00000000d6000000)
  from space 4608K, 92% used [0x00000000d6080000,0x00000000d64a4010,0x00000000d6500000)
  to   space 4096K, 0% used [0x00000000d6500000,0x00000000d6500000,0x00000000d6900000)
 ParOldGen       total 960512K, used 960296K [0x0000000080000000, 0x00000000baa00000, 0x00000000d5580000)
  object space 960512K, 99% used [0x0000000080000000,0x00000000ba9ca098,0x00000000baa00000)
 Metaspace       used 82866K, committed 84672K, reserved 1179648K
  class space    used 8292K, committed 9088K, reserved 1048576K
}
Event: 2427.896 GC heap after
{Heap after GC invocations=2702 (full 5):
 PSYoungGen      total 14848K, used 3944K [0x00000000d5580000, 0x00000000d6900000, 0x0000000100000000)
  eden space 10752K, 0% used [0x00000000d5580000,0x00000000d5580000,0x00000000d6000000)
  from space 4096K, 96% used [0x00000000d6500000,0x00000000d68da000,0x00000000d6900000)
  to   space 4096K, 0% used [0x00000000d6100000,0x00000000d6100000,0x00000000d6500000)
 ParOldGen       total 964608K, used 964474K [0x0000000080000000, 0x00000000bae00000, 0x00000000d5580000)
  object space 964608K, 99% used [0x0000000080000000,0x00000000baddea18,0x00000000bae00000)
 Metaspace       used 82866K, committed 84672K, reserved 1179648K
  class space    used 8292K, committed 9088K, reserved 1048576K
}
Event: 2427.921 GC heap before
{Heap before GC invocations=2703 (full 5):
 PSYoungGen      total 14848K, used 14678K [0x00000000d5580000, 0x00000000d6900000, 0x0000000100000000)
  eden space 10752K, 99% used [0x00000000d5580000,0x00000000d5ffb958,0x00000000d6000000)
  from space 4096K, 96% used [0x00000000d6500000,0x00000000d68da000,0x00000000d6900000)
  to   space 4096K, 0% used [0x00000000d6100000,0x00000000d6100000,0x00000000d6500000)
 ParOldGen       total 964608K, used 964474K [0x0000000080000000, 0x00000000bae00000, 0x00000000d5580000)
  object space 964608K, 99% used [0x0000000080000000,0x00000000baddea18,0x00000000bae00000)
 Metaspace       used 82867K, committed 84672K, reserved 1179648K
  class space    used 8292K, committed 9088K, reserved 1048576K
}
Event: 2427.927 GC heap after
{Heap after GC invocations=2703 (full 5):
 PSYoungGen      total 14336K, used 3140K [0x00000000d5580000, 0x00000000d6700000, 0x0000000100000000)
  eden space 10752K, 0% used [0x00000000d5580000,0x00000000d5580000,0x00000000d6000000)
  from space 3584K, 87% used [0x00000000d6100000,0x00000000d6411210,0x00000000d6480000)
  to   space 2560K, 0% used [0x00000000d6480000,0x00000000d6480000,0x00000000d6700000)
 ParOldGen       total 968192K, used 968171K [0x0000000080000000, 0x00000000bb180000, 0x00000000d5580000)
  object space 968192K, 99% used [0x0000000080000000,0x00000000bb17ad58,0x00000000bb180000)
 Metaspace       used 82867K, committed 84672K, reserved 1179648K
  class space    used 8292K, committed 9088K, reserved 1048576K
}
Event: 2688.712 GC heap before
{Heap before GC invocations=2704 (full 5):
 PSYoungGen      total 14336K, used 13251K [0x00000000d5580000, 0x00000000d6700000, 0x0000000100000000)
  eden space 10752K, 94% used [0x00000000d5580000,0x00000000d5f5fde8,0x00000000d6000000)
  from space 3584K, 87% used [0x00000000d6100000,0x00000000d6411210,0x00000000d6480000)
  to   space 2560K, 0% used [0x00000000d6480000,0x00000000d6480000,0x00000000d6700000)
 ParOldGen       total 999936K, used 998891K [0x0000000080000000, 0x00000000bd080000, 0x00000000d5580000)
  object space 999936K, 99% used [0x0000000080000000,0x00000000bcf7ad88,0x00000000bd080000)
 Metaspace       used 82901K, committed 84672K, reserved 1179648K
  class space    used 8292K, committed 9088K, reserved 1048576K
}
Event: 2689.959 GC heap after
{Heap after GC invocations=2704 (full 5):
 PSYoungGen      total 13312K, used 2159K [0x00000000d5580000, 0x00000000d6700000, 0x0000000100000000)
  eden space 10752K, 0% used [0x00000000d5580000,0x00000000d5580000,0x00000000d6000000)
  from space 2560K, 84% used [0x00000000d6480000,0x00000000d669bc18,0x00000000d6700000)
  to   space 3072K, 0% used [0x00000000d6100000,0x00000000d6100000,0x00000000d6400000)
 ParOldGen       total 1001472K, used 1001184K [0x0000000080000000, 0x00000000bd200000, 0x00000000d5580000)
  object space 1001472K, 99% used [0x0000000080000000,0x00000000bd1b8378,0x00000000bd200000)
 Metaspace       used 82901K, committed 84672K, reserved 1179648K
  class space    used 8292K, committed 9088K, reserved 1048576K
}
Event: 2690.257 GC heap before
{Heap before GC invocations=2705 (full 5):
 PSYoungGen      total 13312K, used 12911K [0x00000000d5580000, 0x00000000d6700000, 0x0000000100000000)
  eden space 10752K, 100% used [0x00000000d5580000,0x00000000d6000000,0x00000000d6000000)
  from space 2560K, 84% used [0x00000000d6480000,0x00000000d669bc18,0x00000000d6700000)
  to   space 3072K, 0% used [0x00000000d6100000,0x00000000d6100000,0x00000000d6400000)
 ParOldGen       total 1001472K, used 1001184K [0x0000000080000000, 0x00000000bd200000, 0x00000000d5580000)
  object space 1001472K, 99% used [0x0000000080000000,0x00000000bd1b8378,0x00000000bd200000)
 Metaspace       used 82924K, committed 84672K, reserved 1179648K
  class space    used 8297K, committed 9088K, reserved 1048576K
}
Event: 2692.271 GC heap after
{Heap after GC invocations=2705 (full 5):
 PSYoungGen      total 13824K, used 3069K [0x00000000d5580000, 0x00000000d6700000, 0x0000000100000000)
  eden space 10752K, 0% used [0x00000000d5580000,0x00000000d5580000,0x00000000d6000000)
  from space 3072K, 99% used [0x00000000d6100000,0x00000000d63ff5b8,0x00000000d6400000)
  to   space 2560K, 0% used [0x00000000d6480000,0x00000000d6480000,0x00000000d6700000)
 ParOldGen       total 1005568K, used 1005531K [0x0000000080000000, 0x00000000bd600000, 0x00000000d5580000)
  object space 1005568K, 99% used [0x0000000080000000,0x00000000bd5f6f18,0x00000000bd600000)
 Metaspace       used 82924K, committed 84672K, reserved 1179648K
  class space    used 8297K, committed 9088K, reserved 1048576K
}
Event: 2692.298 GC heap before
{Heap before GC invocations=2706 (full 5):
 PSYoungGen      total 13824K, used 13821K [0x00000000d5580000, 0x00000000d6700000, 0x0000000100000000)
  eden space 10752K, 100% used [0x00000000d5580000,0x00000000d6000000,0x00000000d6000000)
  from space 3072K, 99% used [0x00000000d6100000,0x00000000d63ff5b8,0x00000000d6400000)
  to   space 2560K, 0% used [0x00000000d6480000,0x00000000d6480000,0x00000000d6700000)
 ParOldGen       total 1005568K, used 1005531K [0x0000000080000000, 0x00000000bd600000, 0x00000000d5580000)
  object space 1005568K, 99% used [0x0000000080000000,0x00000000bd5f6f18,0x00000000bd600000)
 Metaspace       used 82924K, committed 84672K, reserved 1179648K
  class space    used 8297K, committed 9088K, reserved 1048576K
}
Event: 2692.302 GC heap after
{Heap after GC invocations=2706 (full 5):
 PSYoungGen      total 13312K, used 992K [0x00000000d5580000, 0x00000000d6700000, 0x0000000100000000)
  eden space 10752K, 0% used [0x00000000d5580000,0x00000000d5580000,0x00000000d6000000)
  from space 2560K, 38% used [0x00000000d6480000,0x00000000d6578020,0x00000000d6700000)
  to   space 3584K, 0% used [0x00000000d6000000,0x00000000d6000000,0x00000000d6380000)
 ParOldGen       total 1009152K, used 1008579K [0x0000000080000000, 0x00000000bd980000, 0x00000000d5580000)
  object space 1009152K, 99% used [0x0000000080000000,0x00000000bd8f0cb0,0x00000000bd980000)
 Metaspace       used 82924K, committed 84672K, reserved 1179648K
  class space    used 8297K, committed 9088K, reserved 1048576K
}
Event: 2692.448 GC heap before
{Heap before GC invocations=2707 (full 5):
 PSYoungGen      total 13312K, used 11744K [0x00000000d5580000, 0x00000000d6700000, 0x0000000100000000)
  eden space 10752K, 100% used [0x00000000d5580000,0x00000000d6000000,0x00000000d6000000)
  from space 2560K, 38% used [0x00000000d6480000,0x00000000d6578020,0x00000000d6700000)
  to   space 3584K, 0% used [0x00000000d6000000,0x00000000d6000000,0x00000000d6380000)
 ParOldGen       total 1009152K, used 1008579K [0x0000000080000000, 0x00000000bd980000, 0x00000000d5580000)
  object space 1009152K, 99% used [0x0000000080000000,0x00000000bd8f0cb0,0x00000000bd980000)
 Metaspace       used 82926K, committed 84672K, reserved 1179648K
  class space    used 8297K, committed 9088K, reserved 1048576K
}
Event: 2692.455 GC heap after
{Heap after GC invocations=2707 (full 5):
 PSYoungGen      total 12288K, used 1504K [0x00000000d5580000, 0x00000000d6500000, 0x0000000100000000)
  eden space 10752K, 0% used [0x00000000d5580000,0x00000000d5580000,0x00000000d6000000)
  from space 1536K, 97% used [0x00000000d6000000,0x00000000d6178020,0x00000000d6180000)
  to   space 2048K, 0% used [0x00000000d6300000,0x00000000d6300000,0x00000000d6500000)
 ParOldGen       total 1009664K, used 1009381K [0x0000000080000000, 0x00000000bda00000, 0x00000000d5580000)
  object space 1009664K, 99% used [0x0000000080000000,0x00000000bd9b9568,0x00000000bda00000)
 Metaspace       used 82926K, committed 84672K, reserved 1179648K
  class space    used 8297K, committed 9088K, reserved 1048576K
}
Event: 2692.525 GC heap before
{Heap before GC invocations=2708 (full 5):
 PSYoungGen      total 12288K, used 12256K [0x00000000d5580000, 0x00000000d6500000, 0x0000000100000000)
  eden space 10752K, 100% used [0x00000000d5580000,0x00000000d6000000,0x00000000d6000000)
  from space 1536K, 97% used [0x00000000d6000000,0x00000000d6178020,0x00000000d6180000)
  to   space 2048K, 0% used [0x00000000d6300000,0x00000000d6300000,0x00000000d6500000)
 ParOldGen       total 1009664K, used 1009381K [0x0000000080000000, 0x00000000bda00000, 0x00000000d5580000)
  object space 1009664K, 99% used [0x0000000080000000,0x00000000bd9b9568,0x00000000bda00000)
 Metaspace       used 82927K, committed 84672K, reserved 1179648K
  class space    used 8297K, committed 9088K, reserved 1048576K
}
Event: 2693.536 GC heap after
{Heap after GC invocations=2708 (full 5):
 PSYoungGen      total 14336K, used 736K [0x00000000d5580000, 0x00000000d6580000, 0x0000000100000000)
  eden space 12288K, 0% used [0x00000000d5580000,0x00000000d5580000,0x00000000d6180000)
  from space 2048K, 35% used [0x00000000d6300000,0x00000000d63b8000,0x00000000d6500000)
  to   space 1536K, 0% used [0x00000000d6180000,0x00000000d6180000,0x00000000d6300000)
 ParOldGen       total 1011200K, used 1010743K [0x0000000080000000, 0x00000000bdb80000, 0x00000000d5580000)
  object space 1011200K, 99% used [0x0000000080000000,0x00000000bdb0dd98,0x00000000bdb80000)
 Metaspace       used 82927K, committed 84672K, reserved 1179648K
  class space    used 8297K, committed 9088K, reserved 1048576K
}
Event: 2693.647 GC heap before
{Heap before GC invocations=2709 (full 5):
 PSYoungGen      total 14336K, used 13024K [0x00000000d5580000, 0x00000000d6580000, 0x0000000100000000)
  eden space 12288K, 100% used [0x00000000d5580000,0x00000000d6180000,0x00000000d6180000)
  from space 2048K, 35% used [0x00000000d6300000,0x00000000d63b8000,0x00000000d6500000)
  to   space 1536K, 0% used [0x00000000d6180000,0x00000000d6180000,0x00000000d6300000)
 ParOldGen       total 1011200K, used 1010743K [0x0000000080000000, 0x00000000bdb80000, 0x00000000d5580000)
  object space 1011200K, 99% used [0x0000000080000000,0x00000000bdb0dd98,0x00000000bdb80000)
 Metaspace       used 82927K, committed 84672K, reserved 1179648K
  class space    used 8297K, committed 9088K, reserved 1048576K
}
Event: 2694.665 GC heap after
{Heap after GC invocations=2709 (full 5):
 PSYoungGen      total 13824K, used 1184K [0x00000000d5580000, 0x00000000d6700000, 0x0000000100000000)
  eden space 12288K, 0% used [0x00000000d5580000,0x00000000d5580000,0x00000000d6180000)
  from space 1536K, 77% used [0x00000000d6180000,0x00000000d62a8020,0x00000000d6300000)
  to   space 1536K, 0% used [0x00000000d6580000,0x00000000d6580000,0x00000000d6700000)
 ParOldGen       total 1011712K, used 1011311K [0x0000000080000000, 0x00000000bdc00000, 0x00000000d5580000)
  object space 1011712K, 99% used [0x0000000080000000,0x00000000bdb9bd98,0x00000000bdc00000)
 Metaspace       used 82927K, committed 84672K, reserved 1179648K
  class space    used 8297K, committed 9088K, reserved 1048576K
}
Event: 2694.776 GC heap before
{Heap before GC invocations=2710 (full 5):
 PSYoungGen      total 13824K, used 13472K [0x00000000d5580000, 0x00000000d6700000, 0x0000000100000000)
  eden space 12288K, 100% used [0x00000000d5580000,0x00000000d6180000,0x00000000d6180000)
  from space 1536K, 77% used [0x00000000d6180000,0x00000000d62a8020,0x00000000d6300000)
  to   space 1536K, 0% used [0x00000000d6580000,0x00000000d6580000,0x00000000d6700000)
 ParOldGen       total 1011712K, used 1011311K [0x0000000080000000, 0x00000000bdc00000, 0x00000000d5580000)
  object space 1011712K, 99% used [0x0000000080000000,0x00000000bdb9bd98,0x00000000bdc00000)
 Metaspace       used 82934K, committed 84672K, reserved 1179648K
  class space    used 8297K, committed 9088K, reserved 1048576K
}
Event: 2694.780 GC heap after
{Heap after GC invocations=2710 (full 5):
 PSYoungGen      total 13824K, used 1520K [0x00000000d5580000, 0x00000000d6780000, 0x0000000100000000)
  eden space 12288K, 0% used [0x00000000d5580000,0x00000000d5580000,0x00000000d6180000)
  from space 1536K, 98% used [0x00000000d6580000,0x00000000d66fc010,0x00000000d6700000)
  to   space 3072K, 0% used [0x00000000d6180000,0x00000000d6180000,0x00000000d6480000)
 ParOldGen       total 1012736K, used 1012466K [0x0000000080000000, 0x00000000bdd00000, 0x00000000d5580000)
  object space 1012736K, 99% used [0x0000000080000000,0x00000000bdcbca50,0x00000000bdd00000)
 Metaspace       used 82934K, committed 84672K, reserved 1179648K
  class space    used 8297K, committed 9088K, reserved 1048576K
}
Event: 2694.865 GC heap before
{Heap before GC invocations=2711 (full 5):
 PSYoungGen      total 13824K, used 13808K [0x00000000d5580000, 0x00000000d6780000, 0x0000000100000000)
  eden space 12288K, 100% used [0x00000000d5580000,0x00000000d6180000,0x00000000d6180000)
  from space 1536K, 98% used [0x00000000d6580000,0x00000000d66fc010,0x00000000d6700000)
  to   space 3072K, 0% used [0x00000000d6180000,0x00000000d6180000,0x00000000d6480000)
 ParOldGen       total 1012736K, used 1012466K [0x0000000080000000, 0x00000000bdd00000, 0x00000000d5580000)
  object space 1012736K, 99% used [0x0000000080000000,0x00000000bdcbca50,0x00000000bdd00000)
 Metaspace       used 82955K, committed 84736K, reserved 1179648K
  class space    used 8297K, committed 9088K, reserved 1048576K
}
Event: 2694.870 GC heap after
{Heap after GC invocations=2711 (full 5):
 PSYoungGen      total 14336K, used 1920K [0x00000000d5580000, 0x00000000d6680000, 0x0000000100000000)
  eden space 12288K, 0% used [0x00000000d5580000,0x00000000d5580000,0x00000000d6180000)
  from space 2048K, 93% used [0x00000000d6180000,0x00000000d6360000,0x00000000d6380000)
  to   space 2560K, 0% used [0x00000000d6400000,0x00000000d6400000,0x00000000d6680000)
 ParOldGen       total 1014272K, used 1013926K [0x0000000080000000, 0x00000000bde80000, 0x00000000d5580000)
  object space 1014272K, 99% used [0x0000000080000000,0x00000000bde29970,0x00000000bde80000)
 Metaspace       used 82955K, committed 84736K, reserved 1179648K
  class space    used 8297K, committed 9088K, reserved 1048576K
}

