# JRE version: OpenJDK Runtime Environment Temurin-21.0.10+7 (21.0.10+7) (build 21.0.10+7-LTS)
# Java VM: OpenJDK 64-Bit Server VM Temurin-21.0.10+7 (21.0.10+7-LTS, mixed mode, sharing, tiered, compressed oops, compressed class ptrs, parallel gc, windows-amd64)
GC Precious Log:
 CardTable entry size: 512
 CPUs: 12 total, 12 available
 Memory: 5989M
 Large Page Support: Disabled
 NUMA Support: Disabled
 Compressed Oops: Enabled (32-bit)
 Alignments: Space 512K, Generation 512K, Heap 2M
 Heap Min Capacity: 100M
 Heap Initial Capacity: 100M
 Heap Max Capacity: 2G
 Pre-touch: Disabled
 Parallel Workers: 10
Heap:
 PSYoungGen      total 14336K, used 14148K [0x00000000d5580000, 0x00000000d6500000, 0x0000000100000000)
  eden space 13312K, 100% used [0x00000000d5580000,0x00000000d6280000,0x00000000d6280000)
  from space 1024K, 81% used [0x00000000d6400000,0x00000000d64d1210,0x00000000d6500000)
  to   space 1024K, 97% used [0x00000000d6300000,0x00000000d63f9248,0x00000000d6400000)
 ParOldGen       total 101376K, used 101369K [0x0000000080000000, 0x0000000086300000, 0x00000000d5580000)
  object space 101376K, 99% used [0x0000000080000000,0x00000000862fe730,0x0000000086300000)
 Metaspace       used 65056K, committed 66624K, reserved 1114112K
  class space    used 6766K, committed 7424K, reserved 1048576K
GC Heap History (20 events):
Event: 38.825 GC heap before
{Heap before GC invocations=114 (full 3):
 PSYoungGen      total 15872K, used 15472K [0x00000000d5580000, 0x00000000d6680000, 0x0000000100000000)
  eden space 14848K, 100% used [0x00000000d5580000,0x00000000d6400000,0x00000000d6400000)
  from space 1024K, 60% used [0x00000000d6580000,0x00000000d661c0b0,0x00000000d6680000)
  to   space 1024K, 0% used [0x00000000d6400000,0x00000000d6400000,0x00000000d6500000)
 ParOldGen       total 91648K, used 91245K [0x0000000080000000, 0x0000000085980000, 0x00000000d5580000)
  object space 91648K, 99% used [0x0000000080000000,0x000000008591b5c0,0x0000000085980000)
 Metaspace       used 61888K, committed 63296K, reserved 1114112K
  class space    used 6535K, committed 7168K, reserved 1048576K
}
Event: 38.836 GC heap after
{Heap after GC invocations=114 (full 3):
 PSYoungGen      total 15872K, used 1007K [0x00000000d5580000, 0x00000000d6800000, 0x0000000100000000)
  eden space 14848K, 0% used [0x00000000d5580000,0x00000000d5580000,0x00000000d6400000)
  from space 1024K, 98% used [0x00000000d6400000,0x00000000d64fbf50,0x00000000d6500000)
  to   space 2048K, 0% used [0x00000000d6600000,0x00000000d6600000,0x00000000d6800000)
 ParOldGen       total 92160K, used 91862K [0x0000000080000000, 0x0000000085a00000, 0x00000000d5580000)
  object space 92160K, 99% used [0x0000000080000000,0x00000000859b5b70,0x0000000085a00000)
 Metaspace       used 61888K, committed 63296K, reserved 1114112K
  class space    used 6535K, committed 7168K, reserved 1048576K
}
Event: 39.047 GC heap before
{Heap before GC invocations=115 (full 3):
 PSYoungGen      total 15872K, used 15855K [0x00000000d5580000, 0x00000000d6800000, 0x0000000100000000)
  eden space 14848K, 100% used [0x00000000d5580000,0x00000000d6400000,0x00000000d6400000)
  from space 1024K, 98% used [0x00000000d6400000,0x00000000d64fbf50,0x00000000d6500000)
  to   space 2048K, 0% used [0x00000000d6600000,0x00000000d6600000,0x00000000d6800000)
 ParOldGen       total 92160K, used 91862K [0x0000000080000000, 0x0000000085a00000, 0x00000000d5580000)
  object space 92160K, 99% used [0x0000000080000000,0x00000000859b5b70,0x0000000085a00000)
 Metaspace       used 62315K, committed 63808K, reserved 1114112K
  class space    used 6556K, committed 7232K, reserved 1048576K
}
Event: 39.053 GC heap after
{Heap after GC invocations=115 (full 3):
 PSYoungGen      total 16896K, used 1764K [0x00000000d5580000, 0x00000000d6800000, 0x0000000100000000)
  eden space 14848K, 0% used [0x00000000d5580000,0x00000000d5580000,0x00000000d6400000)
  from space 2048K, 86% used [0x00000000d6600000,0x00000000d67b9210,0x00000000d6800000)
  to   space 2048K, 0% used [0x00000000d6400000,0x00000000d6400000,0x00000000d6600000)
 ParOldGen       total 93184K, used 92794K [0x0000000080000000, 0x0000000085b00000, 0x00000000d5580000)
  object space 93184K, 99% used [0x0000000080000000,0x0000000085a9e968,0x0000000085b00000)
 Metaspace       used 62315K, committed 63808K, reserved 1114112K
  class space    used 6556K, committed 7232K, reserved 1048576K
}
Event: 39.609 GC heap before
{Heap before GC invocations=116 (full 3):
 PSYoungGen      total 16896K, used 16612K [0x00000000d5580000, 0x00000000d6800000, 0x0000000100000000)
  eden space 14848K, 100% used [0x00000000d5580000,0x00000000d6400000,0x00000000d6400000)
  from space 2048K, 86% used [0x00000000d6600000,0x00000000d67b9210,0x00000000d6800000)
  to   space 2048K, 0% used [0x00000000d6400000,0x00000000d6400000,0x00000000d6600000)
 ParOldGen       total 93184K, used 92794K [0x0000000080000000, 0x0000000085b00000, 0x00000000d5580000)
  object space 93184K, 99% used [0x0000000080000000,0x0000000085a9e968,0x0000000085b00000)
 Metaspace       used 63453K, committed 64960K, reserved 1114112K
  class space    used 6665K, committed 7360K, reserved 1048576K
}
Event: 39.615 GC heap after
{Heap after GC invocations=116 (full 3):
 PSYoungGen      total 16384K, used 1212K [0x00000000d5580000, 0x00000000d6700000, 0x0000000100000000)
  eden space 14848K, 0% used [0x00000000d5580000,0x00000000d5580000,0x00000000d6400000)
  from space 1536K, 78% used [0x00000000d6400000,0x00000000d652f3a0,0x00000000d6580000)
  to   space 1536K, 0% used [0x00000000d6580000,0x00000000d6580000,0x00000000d6700000)
 ParOldGen       total 94208K, used 93996K [0x0000000080000000, 0x0000000085c00000, 0x00000000d5580000)
  object space 94208K, 99% used [0x0000000080000000,0x0000000085bcb108,0x0000000085c00000)
 Metaspace       used 63453K, committed 64960K, reserved 1114112K
  class space    used 6665K, committed 7360K, reserved 1048576K
}
Event: 40.329 GC heap before
{Heap before GC invocations=117 (full 3):
 PSYoungGen      total 16384K, used 16060K [0x00000000d5580000, 0x00000000d6700000, 0x0000000100000000)
  eden space 14848K, 100% used [0x00000000d5580000,0x00000000d6400000,0x00000000d6400000)
  from space 1536K, 78% used [0x00000000d6400000,0x00000000d652f3a0,0x00000000d6580000)
  to   space 1536K, 0% used [0x00000000d6580000,0x00000000d6580000,0x00000000d6700000)
 ParOldGen       total 94208K, used 93996K [0x0000000080000000, 0x0000000085c00000, 0x00000000d5580000)
  object space 94208K, 99% used [0x0000000080000000,0x0000000085bcb108,0x0000000085c00000)
 Metaspace       used 63970K, committed 65536K, reserved 1114112K
  class space    used 6706K, committed 7360K, reserved 1048576K
}
Event: 40.335 GC heap after
{Heap after GC invocations=117 (full 3):
 PSYoungGen      total 14848K, used 1534K [0x00000000d5580000, 0x00000000d6a00000, 0x0000000100000000)
  eden space 13312K, 0% used [0x00000000d5580000,0x00000000d5580000,0x00000000d6280000)
  from space 1536K, 99% used [0x00000000d6580000,0x00000000d66ffa00,0x00000000d6700000)
  to   space 3072K, 0% used [0x00000000d6280000,0x00000000d6280000,0x00000000d6580000)
 ParOldGen       total 95232K, used 95039K [0x0000000080000000, 0x0000000085d00000, 0x00000000d5580000)
  object space 95232K, 99% used [0x0000000080000000,0x0000000085ccfd30,0x0000000085d00000)
 Metaspace       used 63970K, committed 65536K, reserved 1114112K
  class space    used 6706K, committed 7360K, reserved 1048576K
}
Event: 40.937 GC heap before
{Heap before GC invocations=118 (full 3):
 PSYoungGen      total 14848K, used 14846K [0x00000000d5580000, 0x00000000d6a00000, 0x0000000100000000)
  eden space 13312K, 100% used [0x00000000d5580000,0x00000000d6280000,0x00000000d6280000)
  from space 1536K, 99% used [0x00000000d6580000,0x00000000d66ffa00,0x00000000d6700000)
  to   space 3072K, 0% used [0x00000000d6280000,0x00000000d6280000,0x00000000d6580000)
 ParOldGen       total 95232K, used 95039K [0x0000000080000000, 0x0000000085d00000, 0x00000000d5580000)
  object space 95232K, 99% used [0x0000000080000000,0x0000000085ccfd30,0x0000000085d00000)
 Metaspace       used 64309K, committed 65920K, reserved 1114112K
  class space    used 6737K, committed 7424K, reserved 1048576K
}
Event: 40.941 GC heap after
{Heap after GC invocations=118 (full 3):
 PSYoungGen      total 14336K, used 512K [0x00000000d5580000, 0x00000000d6600000, 0x0000000100000000)
  eden space 13312K, 0% used [0x00000000d5580000,0x00000000d5580000,0x00000000d6280000)
  from space 1024K, 50% used [0x00000000d6280000,0x00000000d6300020,0x00000000d6380000)
  to   space 1536K, 0% used [0x00000000d6480000,0x00000000d6480000,0x00000000d6600000)
 ParOldGen       total 96768K, used 96580K [0x0000000080000000, 0x0000000085e80000, 0x00000000d5580000)
  object space 96768K, 99% used [0x0000000080000000,0x0000000085e51308,0x0000000085e80000)
 Metaspace       used 64309K, committed 65920K, reserved 1114112K
  class space    used 6737K, committed 7424K, reserved 1048576K
}
Event: 41.199 GC heap before
{Heap before GC invocations=119 (full 3):
 PSYoungGen      total 14336K, used 13824K [0x00000000d5580000, 0x00000000d6600000, 0x0000000100000000)
  eden space 13312K, 100% used [0x00000000d5580000,0x00000000d6280000,0x00000000d6280000)
  from space 1024K, 50% used [0x00000000d6280000,0x00000000d6300020,0x00000000d6380000)
  to   space 1536K, 0% used [0x00000000d6480000,0x00000000d6480000,0x00000000d6600000)
 ParOldGen       total 96768K, used 96580K [0x0000000080000000, 0x0000000085e80000, 0x00000000d5580000)
  object space 96768K, 99% used [0x0000000080000000,0x0000000085e51308,0x0000000085e80000)
 Metaspace       used 64521K, committed 66112K, reserved 1114112K
  class space    used 6748K, committed 7424K, reserved 1048576K
}
Event: 41.203 GC heap after
{Heap after GC invocations=119 (full 3):
 PSYoungGen      total 14848K, used 1517K [0x00000000d5580000, 0x00000000d6680000, 0x0000000100000000)
  eden space 13312K, 0% used [0x00000000d5580000,0x00000000d5580000,0x00000000d6280000)
  from space 1536K, 98% used [0x00000000d6480000,0x00000000d65fb488,0x00000000d6600000)
  to   space 2048K, 0% used [0x00000000d6280000,0x00000000d6280000,0x00000000d6480000)
 ParOldGen       total 97280K, used 96885K [0x0000000080000000, 0x0000000085f00000, 0x00000000d5580000)
  object space 97280K, 99% used [0x0000000080000000,0x0000000085e9d798,0x0000000085f00000)
 Metaspace       used 64521K, committed 66112K, reserved 1114112K
  class space    used 6748K, committed 7424K, reserved 1048576K
}
Event: 41.464 GC heap before
{Heap before GC invocations=120 (full 3):
 PSYoungGen      total 14848K, used 14829K [0x00000000d5580000, 0x00000000d6680000, 0x0000000100000000)
  eden space 13312K, 100% used [0x00000000d5580000,0x00000000d6280000,0x00000000d6280000)
  from space 1536K, 98% used [0x00000000d6480000,0x00000000d65fb488,0x00000000d6600000)
  to   space 2048K, 0% used [0x00000000d6280000,0x00000000d6280000,0x00000000d6480000)
 ParOldGen       total 97280K, used 96885K [0x0000000080000000, 0x0000000085f00000, 0x00000000d5580000)
  object space 97280K, 99% used [0x0000000080000000,0x0000000085e9d798,0x0000000085f00000)
 Metaspace       used 64670K, committed 66240K, reserved 1114112K
  class space    used 6753K, committed 7424K, reserved 1048576K
}
Event: 41.467 GC heap after
{Heap after GC invocations=120 (full 3):
 PSYoungGen      total 15360K, used 1668K [0x00000000d5580000, 0x00000000d6680000, 0x0000000100000000)
  eden space 13312K, 0% used [0x00000000d5580000,0x00000000d5580000,0x00000000d6280000)
  from space 2048K, 81% used [0x00000000d6280000,0x00000000d6421230,0x00000000d6480000)
  to   space 2048K, 0% used [0x00000000d6480000,0x00000000d6480000,0x00000000d6680000)
 ParOldGen       total 98304K, used 98205K [0x0000000080000000, 0x0000000086000000, 0x00000000d5580000)
  object space 98304K, 99% used [0x0000000080000000,0x0000000085fe7570,0x0000000086000000)
 Metaspace       used 64670K, committed 66240K, reserved 1114112K
  class space    used 6753K, committed 7424K, reserved 1048576K
}
Event: 41.677 GC heap before
{Heap before GC invocations=121 (full 3):
 PSYoungGen      total 15360K, used 14980K [0x00000000d5580000, 0x00000000d6680000, 0x0000000100000000)
  eden space 13312K, 100% used [0x00000000d5580000,0x00000000d6280000,0x00000000d6280000)
  from space 2048K, 81% used [0x00000000d6280000,0x00000000d6421230,0x00000000d6480000)
  to   space 2048K, 0% used [0x00000000d6480000,0x00000000d6480000,0x00000000d6680000)
 ParOldGen       total 98304K, used 98205K [0x0000000080000000, 0x0000000086000000, 0x00000000d5580000)
  object space 98304K, 99% used [0x0000000080000000,0x0000000085fe7570,0x0000000086000000)
 Metaspace       used 64735K, committed 66304K, reserved 1114112K
  class space    used 6753K, committed 7424K, reserved 1048576K
}
Event: 41.680 GC heap after
{Heap after GC invocations=121 (full 3):
 PSYoungGen      total 14848K, used 1028K [0x00000000d5580000, 0x00000000d6600000, 0x0000000100000000)
  eden space 13312K, 0% used [0x00000000d5580000,0x00000000d5580000,0x00000000d6280000)
  from space 1536K, 66% used [0x00000000d6480000,0x00000000d6581210,0x00000000d6600000)
  to   space 1536K, 0% used [0x00000000d6300000,0x00000000d6300000,0x00000000d6480000)
 ParOldGen       total 99840K, used 99661K [0x0000000080000000, 0x0000000086180000, 0x00000000d5580000)
  object space 99840K, 99% used [0x0000000080000000,0x00000000861536b0,0x0000000086180000)
 Metaspace       used 64735K, committed 66304K, reserved 1114112K
  class space    used 6753K, committed 7424K, reserved 1048576K
}
Event: 41.892 GC heap before
{Heap before GC invocations=122 (full 3):
 PSYoungGen      total 14848K, used 14340K [0x00000000d5580000, 0x00000000d6600000, 0x0000000100000000)
  eden space 13312K, 100% used [0x00000000d5580000,0x00000000d6280000,0x00000000d6280000)
  from space 1536K, 66% used [0x00000000d6480000,0x00000000d6581210,0x00000000d6600000)
  to   space 1536K, 0% used [0x00000000d6300000,0x00000000d6300000,0x00000000d6480000)
 ParOldGen       total 99840K, used 99661K [0x0000000080000000, 0x0000000086180000, 0x00000000d5580000)
  object space 99840K, 99% used [0x0000000080000000,0x00000000861536b0,0x0000000086180000)
 Metaspace       used 64854K, committed 66432K, reserved 1114112K
  class space    used 6755K, committed 7424K, reserved 1048576K
}
Event: 41.895 GC heap after
{Heap after GC invocations=122 (full 3):
 PSYoungGen      total 14336K, used 788K [0x00000000d5580000, 0x00000000d6500000, 0x0000000100000000)
  eden space 13312K, 0% used [0x00000000d5580000,0x00000000d5580000,0x00000000d6280000)
  from space 1024K, 77% used [0x00000000d6300000,0x00000000d63c5200,0x00000000d6400000)
  to   space 1024K, 0% used [0x00000000d6400000,0x00000000d6400000,0x00000000d6500000)
 ParOldGen       total 100352K, used 100203K [0x0000000080000000, 0x0000000086200000, 0x00000000d5580000)
  object space 100352K, 99% used [0x0000000080000000,0x00000000861dad90,0x0000000086200000)
 Metaspace       used 64854K, committed 66432K, reserved 1114112K
  class space    used 6755K, committed 7424K, reserved 1048576K
}
Event: 42.012 GC heap before
{Heap before GC invocations=123 (full 3):
 PSYoungGen      total 14336K, used 14100K [0x00000000d5580000, 0x00000000d6500000, 0x0000000100000000)
  eden space 13312K, 100% used [0x00000000d5580000,0x00000000d6280000,0x00000000d6280000)
  from space 1024K, 77% used [0x00000000d6300000,0x00000000d63c5200,0x00000000d6400000)
  to   space 1024K, 0% used [0x00000000d6400000,0x00000000d6400000,0x00000000d6500000)
 ParOldGen       total 100352K, used 100203K [0x0000000080000000, 0x0000000086200000, 0x00000000d5580000)
  object space 100352K, 99% used [0x0000000080000000,0x00000000861dad90,0x0000000086200000)
 Metaspace       used 64937K, committed 66496K, reserved 1114112K
  class space    used 6758K, committed 7424K, reserved 1048576K
}
Event: 42.014 GC heap after
{Heap after GC invocations=123 (full 3):
 PSYoungGen      total 14336K, used 836K [0x00000000d5580000, 0x00000000d6500000, 0x0000000100000000)
  eden space 13312K, 0% used [0x00000000d5580000,0x00000000d5580000,0x00000000d6280000)
  from space 1024K, 81% used [0x00000000d6400000,0x00000000d64d1210,0x00000000d6500000)
  to   space 1024K, 0% used [0x00000000d6300000,0x00000000d6300000,0x00000000d6400000)
 ParOldGen       total 100864K, used 100779K [0x0000000080000000, 0x0000000086280000, 0x00000000d5580000)
  object space 100864K, 99% used [0x0000000080000000,0x000000008626ac10,0x0000000086280000)
 Metaspace       used 64937K, committed 66496K, reserved 1114112K
  class space    used 6758K, committed 7424K, reserved 1048576K
}

